\BOOKMARK [1][-]{section.1}{Introduction}{}% 1
\BOOKMARK [2][-]{subsection.1.1}{IDENTIFICATION}{section.1}% 2
\BOOKMARK [2][-]{subsection.1.2}{PURPOSE}{section.1}% 3
\BOOKMARK [2][-]{subsection.1.3}{SCOPE}{section.1}% 4
\BOOKMARK [2][-]{subsection.1.4}{DEFINITIONS, ACRONYMS, AND ABBREVIATIONS}{section.1}% 5
\BOOKMARK [2][-]{subsection.1.5}{REFERENCES}{section.1}% 6
\BOOKMARK [2][-]{subsection.1.6}{OVERVIEW AND RESTRICTIONS}{section.1}% 7
\BOOKMARK [1][-]{section.2}{OVERALL DESCRIPTION}{}% 8
\BOOKMARK [2][-]{subsection.2.1}{PRODUCT PERSPECTIVE}{section.2}% 9
\BOOKMARK [2][-]{subsection.2.2}{PRODUCT FUNCTIONS}{section.2}% 10
\BOOKMARK [2][-]{subsection.2.3}{USER CHARACTERISTICS}{section.2}% 11
\BOOKMARK [2][-]{subsection.2.4}{CONSTRAINTS}{section.2}% 12
\BOOKMARK [2][-]{subsection.2.5}{ASSUMPTIONS AND DEPENDENCIES}{section.2}% 13
\BOOKMARK [2][-]{subsection.2.6}{SYSTEM LEVEL \(NON-FUNCTIONAL\) REQUIREMENTS}{section.2}% 14
\BOOKMARK [3][-]{subsubsection.2.6.1}{Site dependencies}{subsection.2.6}% 15
\BOOKMARK [3][-]{subsubsection.2.6.2}{Safety, security and privacy requirements}{subsection.2.6}% 16
\BOOKMARK [3][-]{subsubsection.2.6.3}{Performance requirements}{subsection.2.6}% 17
\BOOKMARK [3][-]{subsubsection.2.6.4}{System and software quality}{subsection.2.6}% 18
\BOOKMARK [3][-]{subsubsection.2.6.5}{Packaging and delivery requirements}{subsection.2.6}% 19
\BOOKMARK [3][-]{subsubsection.2.6.6}{Personnel-related requirements}{subsection.2.6}% 20
\BOOKMARK [3][-]{subsubsection.2.6.7}{Training-related requirements}{subsection.2.6}% 21
\BOOKMARK [3][-]{subsubsection.2.6.8}{Logistics-related requirements}{subsection.2.6}% 22
\BOOKMARK [3][-]{subsubsection.2.6.9}{Other requirements}{subsection.2.6}% 23
\BOOKMARK [3][-]{subsubsection.2.6.10}{Precedence and criticality of requirements}{subsection.2.6}% 24
\BOOKMARK [1][-]{section.3}{SPECIFIC REQUIREMENTS}{}% 25
\BOOKMARK [2][-]{subsection.3.1}{EXTERNAL INTERFACE REQUIREMENTS}{section.3}% 26
\BOOKMARK [3][-]{subsubsection.3.1.1}{Hardware Interfaces}{subsection.3.1}% 27
\BOOKMARK [3][-]{subsubsection.3.1.2}{Software Interfaces}{subsection.3.1}% 28
\BOOKMARK [3][-]{subsubsection.3.1.3}{User Interfaces}{subsection.3.1}% 29
\BOOKMARK [3][-]{subsubsection.3.1.4}{Other Communication Interfaces}{subsection.3.1}% 30
\BOOKMARK [2][-]{subsection.3.2}{SYSTEM FEATURES}{section.3}% 31
\BOOKMARK [3][-]{subsubsection.3.2.1}{ Use Case Diagrams}{subsection.3.2}% 32
\BOOKMARK [3][-]{subsubsection.3.2.2}{System feature 1: [ General Website Features ]}{subsection.3.2}% 33
\BOOKMARK [3][-]{subsubsection.3.2.3}{System feature 2: [ Compile a book ]}{subsection.3.2}% 34
\BOOKMARK [3][-]{subsubsection.3.2.4}{System feature 3: [ Textbook Compilation Interface ]}{subsection.3.2}% 35
\BOOKMARK [3][-]{subsubsection.3.2.5}{System feature 4: [ insert feature name here ]}{subsection.3.2}% 36
\BOOKMARK [3][-]{subsubsection.3.2.6}{System feature 5: [ Publishing Interface ]}{subsection.3.2}% 37
\BOOKMARK [3][-]{subsubsection.3.2.7}{System feature 6: [ Scrap Editor ]}{subsection.3.2}% 38
\BOOKMARK [4][-]{paragraph.3.2.7.1}{Non-task feature description}{subsubsection.3.2.7}% 39
\BOOKMARK [4][-]{paragraph.3.2.7.2}{ Introduction/Purpose of this feature}{subsubsection.3.2.7}% 40
\BOOKMARK [4][-]{paragraph.3.2.7.3}{Input/Output sequence for this feature}{subsubsection.3.2.7}% 41
\BOOKMARK [4][-]{paragraph.3.2.7.4}{Design constraints of this feature}{subsubsection.3.2.7}% 42
\BOOKMARK [4][-]{paragraph.3.2.7.5}{Performance requirements of this feature}{subsubsection.3.2.7}% 43
\BOOKMARK [4][-]{paragraph.3.2.7.6}{Detailed functional requirements of this feature}{subsubsection.3.2.7}% 44
\BOOKMARK [4][-]{paragraph.3.2.7.7}{}{subsubsection.3.2.7}% 45
\BOOKMARK [3][-]{subsubsection.3.2.8}{System feature 2: [ insert feature name here ]}{subsection.3.2}% 46
\BOOKMARK [4][-]{paragraph.3.2.8.1}{Introduction/Purpose of this feature}{subsubsection.3.2.8}% 47
\BOOKMARK [4][-]{paragraph.3.2.8.2}{Input/Output sequence for this feature}{subsubsection.3.2.8}% 48
\BOOKMARK [4][-]{paragraph.3.2.8.3}{Design constraints of this feature}{subsubsection.3.2.8}% 49
\BOOKMARK [4][-]{paragraph.3.2.8.4}{Performance requirements of this feature}{subsubsection.3.2.8}% 50
\BOOKMARK [4][-]{paragraph.3.2.8.5}{Detailed functional requirements of this feature}{subsubsection.3.2.8}% 51
\BOOKMARK [4][-]{paragraph.3.2.8.6}{ Introduction/Purpose of this feature}{subsubsection.3.2.8}% 52
\BOOKMARK [4][-]{paragraph.3.2.8.7}{Input/Output sequence for this feature}{subsubsection.3.2.8}% 53
\BOOKMARK [4][-]{paragraph.3.2.8.8}{Design constraints of this feature}{subsubsection.3.2.8}% 54
\BOOKMARK [4][-]{paragraph.3.2.8.9}{Performance requirements of this feature}{subsubsection.3.2.8}% 55
\BOOKMARK [4][-]{paragraph.3.2.8.10}{Detailed functional requirements of this feature}{subsubsection.3.2.8}% 56
